[2018-06-14 20:45:52] local.ERROR: Please provide a valid cache path. {"exception":"[object] (InvalidArgumentException(code: 0): Please provide a valid cache path. at C:\\xampp\\htdocs\\webtjoselitov3\\vendor\\laravel\\framework\\src\\Illuminate\\View\\Compilers\\Compiler.php:36)
[stacktrace]
#0 C:\\xampp\\htdocs\\webtjoselitov3\\vendor\\laravel\\framework\\src\\Illuminate\\View\\ViewServiceProvider.php(141): Illuminate\\View\\Compilers\\Compiler->__construct(Object(Illuminate\\Filesystem\\Filesystem), false)
#1 C:\\xampp\\htdocs\\webtjoselitov3\\vendor\\laravel\\framework\\src\\Illuminate\\Container\\Container.php(749): Illuminate\\View\\ViewServiceProvider->Illuminate\\View\\{closure}(Object(Illuminate\\Foundation\\Application), Array)
#2 C:\\xampp\\htdocs\\webtjoselitov3\\vendor\\laravel\\framework\\src\\Illuminate\\Container\\Container.php(631): Illuminate\\Container\\Container->build(Object(Closure))
#3 C:\\xampp\\htdocs\\webtjoselitov3\\vendor\\laravel\\framework\\src\\Illuminate\\Container\\Container.php(586): Illuminate\\Container\\Container->resolve('blade.compiler', Array)
#4 C:\\xampp\\htdocs\\webtjoselitov3\\vendor\\laravel\\framework\\src\\Illuminate\\Foundation\\Application.php(732): Illuminate\\Container\\Container->make('blade.compiler', Array)
#5 C:\\xampp\\htdocs\\webtjoselitov3\\vendor\\laravel\\framework\\src\\Illuminate\\Container\\Container.php(1195): Illuminate\\Foundation\\Application->make('blade.compiler')
#6 C:\\xampp\\htdocs\\webtjoselitov3\\vendor\\laravel\\framework\\src\\Illuminate\\View\\ViewServiceProvider.php(146): Illuminate\\Container\\Container->offsetGet('blade.compiler')
#7 [internal function]: Illuminate\\View\\ViewServiceProvider->Illuminate\\View\\{closure}()
#8 C:\\xampp\\htdocs\\webtjoselitov3\\vendor\\laravel\\framework\\src\\Illuminate\\View\\Engines\\EngineResolver.php(54): call_user_func(Object(Closure))
#9 C:\\xampp\\htdocs\\webtjoselitov3\\vendor\\laravel\\framework\\src\\Illuminate\\Support\\Facades\\Blade.php(17): Illuminate\\View\\Engines\\EngineResolver->resolve('blade')
#10 C:\\xampp\\htdocs\\webtjoselitov3\\vendor\\laravel\\framework\\src\\Illuminate\\Support\\Facades\\Facade.php(128): Illuminate\\Support\\Facades\\Blade::getFacadeAccessor()
#11 C:\\xampp\\htdocs\\webtjoselitov3\\vendor\\laravel\\framework\\src\\Illuminate\\Support\\Facades\\Facade.php(215): Illuminate\\Support\\Facades\\Facade::getFacadeRoot()
#12 C:\\xampp\\htdocs\\webtjoselitov3\\vendor\\arrilot\\laravel-widgets\\src\\ServiceProvider.php(72): Illuminate\\Support\\Facades\\Facade::__callStatic('directive', Array)
#13 [internal function]: Arrilot\\Widgets\\ServiceProvider->boot()
#14 C:\\xampp\\htdocs\\webtjoselitov3\\vendor\\laravel\\framework\\src\\Illuminate\\Container\\BoundMethod.php(29): call_user_func_array(Array, Array)
#15 C:\\xampp\\htdocs\\webtjoselitov3\\vendor\\laravel\\framework\\src\\Illuminate\\Container\\BoundMethod.php(87): Illuminate\\Container\\BoundMethod::Illuminate\\Container\\{closure}()
#16 C:\\xampp\\htdocs\\webtjoselitov3\\vendor\\laravel\\framework\\src\\Illuminate\\Container\\BoundMethod.php(31): Illuminate\\Container\\BoundMethod::callBoundMethod(Object(Illuminate\\Foundation\\Application), Array, Object(Closure))
#17 C:\\xampp\\htdocs\\webtjoselitov3\\vendor\\laravel\\framework\\src\\Illuminate\\Container\\Container.php(549): Illuminate\\Container\\BoundMethod::call(Object(Illuminate\\Foundation\\Application), Array, Array, NULL)
#18 C:\\xampp\\htdocs\\webtjoselitov3\\vendor\\laravel\\framework\\src\\Illuminate\\Foundation\\Application.php(792): Illuminate\\Container\\Container->call(Array)
#19 C:\\xampp\\htdocs\\webtjoselitov3\\vendor\\laravel\\framework\\src\\Illuminate\\Foundation\\Application.php(775): Illuminate\\Foundation\\Application->bootProvider(Object(Arrilot\\Widgets\\ServiceProvider))
#20 [internal function]: Illuminate\\Foundation\\Application->Illuminate\\Foundation\\{closure}(Object(Arrilot\\Widgets\\ServiceProvider), 14)
#21 C:\\xampp\\htdocs\\webtjoselitov3\\vendor\\laravel\\framework\\src\\Illuminate\\Foundation\\Application.php(776): array_walk(Array, Object(Closure))
#22 C:\\xampp\\htdocs\\webtjoselitov3\\vendor\\laravel\\framework\\src\\Illuminate\\Foundation\\Bootstrap\\BootProviders.php(17): Illuminate\\Foundation\\Application->boot()
#23 C:\\xampp\\htdocs\\webtjoselitov3\\vendor\\laravel\\framework\\src\\Illuminate\\Foundation\\Application.php(213): Illuminate\\Foundation\\Bootstrap\\BootProviders->bootstrap(Object(Illuminate\\Foundation\\Application))
#24 C:\\xampp\\htdocs\\webtjoselitov3\\vendor\\laravel\\framework\\src\\Illuminate\\Foundation\\Http\\Kernel.php(162): Illuminate\\Foundation\\Application->bootstrapWith(Array)
#25 C:\\xampp\\htdocs\\webtjoselitov3\\vendor\\laravel\\framework\\src\\Illuminate\\Foundation\\Http\\Kernel.php(146): Illuminate\\Foundation\\Http\\Kernel->bootstrap()
#26 C:\\xampp\\htdocs\\webtjoselitov3\\vendor\\laravel\\framework\\src\\Illuminate\\Foundation\\Http\\Kernel.php(116): Illuminate\\Foundation\\Http\\Kernel->sendRequestThroughRouter(Object(Illuminate\\Http\\Request))
#27 C:\\xampp\\htdocs\\webtjoselitov3\\public\\index.php(53): Illuminate\\Foundation\\Http\\Kernel->handle(Object(Illuminate\\Http\\Request))
#28 C:\\xampp\\htdocs\\webtjoselitov3\\server.php(21): require_once('C:\\\\xampp\\\\htdocs...')
#29 {main}
"} 
[2018-06-14 20:46:05] local.ERROR: Please provide a valid cache path. {"exception":"[object] (InvalidArgumentException(code: 0): Please provide a valid cache path. at C:\\xampp\\htdocs\\webtjoselitov3\\vendor\\laravel\\framework\\src\\Illuminate\\View\\Compilers\\Compiler.php:36)
[stacktrace]
#0 C:\\xampp\\htdocs\\webtjoselitov3\\vendor\\laravel\\framework\\src\\Illuminate\\View\\ViewServiceProvider.php(141): Illuminate\\View\\Compilers\\Compiler->__construct(Object(Illuminate\\Filesystem\\Filesystem), false)
#1 C:\\xampp\\htdocs\\webtjoselitov3\\vendor\\laravel\\framework\\src\\Illuminate\\Container\\Container.php(749): Illuminate\\View\\ViewServiceProvider->Illuminate\\View\\{closure}(Object(Illuminate\\Foundation\\Application), Array)
#2 C:\\xampp\\htdocs\\webtjoselitov3\\vendor\\laravel\\framework\\src\\Illuminate\\Container\\Container.php(631): Illuminate\\Container\\Container->build(Object(Closure))
#3 C:\\xampp\\htdocs\\webtjoselitov3\\vendor\\laravel\\framework\\src\\Illuminate\\Container\\Container.php(586): Illuminate\\Container\\Container->resolve('blade.compiler', Array)
#4 C:\\xampp\\htdocs\\webtjoselitov3\\vendor\\laravel\\framework\\src\\Illuminate\\Foundation\\Application.php(732): Illuminate\\Container\\Container->make('blade.compiler', Array)
#5 C:\\xampp\\htdocs\\webtjoselitov3\\vendor\\laravel\\framework\\src\\Illuminate\\Container\\Container.php(1195): Illuminate\\Foundation\\Application->make('blade.compiler')
#6 C:\\xampp\\htdocs\\webtjoselitov3\\vendor\\laravel\\framework\\src\\Illuminate\\View\\ViewServiceProvider.php(146): Illuminate\\Container\\Container->offsetGet('blade.compiler')
#7 [internal function]: Illuminate\\View\\ViewServiceProvider->Illuminate\\View\\{closure}()
#8 C:\\xampp\\htdocs\\webtjoselitov3\\vendor\\laravel\\framework\\src\\Illuminate\\View\\Engines\\EngineResolver.php(54): call_user_func(Object(Closure))
#9 C:\\xampp\\htdocs\\webtjoselitov3\\vendor\\laravel\\framework\\src\\Illuminate\\Support\\Facades\\Blade.php(17): Illuminate\\View\\Engines\\EngineResolver->resolve('blade')
#10 C:\\xampp\\htdocs\\webtjoselitov3\\vendor\\laravel\\framework\\src\\Illuminate\\Support\\Facades\\Facade.php(128): Illuminate\\Support\\Facades\\Blade::getFacadeAccessor()
#11 C:\\xampp\\htdocs\\webtjoselitov3\\vendor\\laravel\\framework\\src\\Illuminate\\Support\\Facades\\Facade.php(215): Illuminate\\Support\\Facades\\Facade::getFacadeRoot()
#12 C:\\xampp\\htdocs\\webtjoselitov3\\vendor\\arrilot\\laravel-widgets\\src\\ServiceProvider.php(72): Illuminate\\Support\\Facades\\Facade::__callStatic('directive', Array)
#13 [internal function]: Arrilot\\Widgets\\ServiceProvider->boot()
#14 C:\\xampp\\htdocs\\webtjoselitov3\\vendor\\laravel\\framework\\src\\Illuminate\\Container\\BoundMethod.php(29): call_user_func_array(Array, Array)
#15 C:\\xampp\\htdocs\\webtjoselitov3\\vendor\\laravel\\framework\\src\\Illuminate\\Container\\BoundMethod.php(87): Illuminate\\Container\\BoundMethod::Illuminate\\Container\\{closure}()
#16 C:\\xampp\\htdocs\\webtjoselitov3\\vendor\\laravel\\framework\\src\\Illuminate\\Container\\BoundMethod.php(31): Illuminate\\Container\\BoundMethod::callBoundMethod(Object(Illuminate\\Foundation\\Application), Array, Object(Closure))
#17 C:\\xampp\\htdocs\\webtjoselitov3\\vendor\\laravel\\framework\\src\\Illuminate\\Container\\Container.php(549): Illuminate\\Container\\BoundMethod::call(Object(Illuminate\\Foundation\\Application), Array, Array, NULL)
#18 C:\\xampp\\htdocs\\webtjoselitov3\\vendor\\laravel\\framework\\src\\Illuminate\\Foundation\\Application.php(792): Illuminate\\Container\\Container->call(Array)
#19 C:\\xampp\\htdocs\\webtjoselitov3\\vendor\\laravel\\framework\\src\\Illuminate\\Foundation\\Application.php(775): Illuminate\\Foundation\\Application->bootProvider(Object(Arrilot\\Widgets\\ServiceProvider))
#20 [internal function]: Illuminate\\Foundation\\Application->Illuminate\\Foundation\\{closure}(Object(Arrilot\\Widgets\\ServiceProvider), 14)
#21 C:\\xampp\\htdocs\\webtjoselitov3\\vendor\\laravel\\framework\\src\\Illuminate\\Foundation\\Application.php(776): array_walk(Array, Object(Closure))
#22 C:\\xampp\\htdocs\\webtjoselitov3\\vendor\\laravel\\framework\\src\\Illuminate\\Foundation\\Bootstrap\\BootProviders.php(17): Illuminate\\Foundation\\Application->boot()
#23 C:\\xampp\\htdocs\\webtjoselitov3\\vendor\\laravel\\framework\\src\\Illuminate\\Foundation\\Application.php(213): Illuminate\\Foundation\\Bootstrap\\BootProviders->bootstrap(Object(Illuminate\\Foundation\\Application))
#24 C:\\xampp\\htdocs\\webtjoselitov3\\vendor\\laravel\\framework\\src\\Illuminate\\Foundation\\Http\\Kernel.php(162): Illuminate\\Foundation\\Application->bootstrapWith(Array)
#25 C:\\xampp\\htdocs\\webtjoselitov3\\vendor\\laravel\\framework\\src\\Illuminate\\Foundation\\Http\\Kernel.php(146): Illuminate\\Foundation\\Http\\Kernel->bootstrap()
#26 C:\\xampp\\htdocs\\webtjoselitov3\\vendor\\laravel\\framework\\src\\Illuminate\\Foundation\\Http\\Kernel.php(116): Illuminate\\Foundation\\Http\\Kernel->sendRequestThroughRouter(Object(Illuminate\\Http\\Request))
#27 C:\\xampp\\htdocs\\webtjoselitov3\\public\\index.php(53): Illuminate\\Foundation\\Http\\Kernel->handle(Object(Illuminate\\Http\\Request))
#28 C:\\xampp\\htdocs\\webtjoselitov3\\server.php(21): require_once('C:\\\\xampp\\\\htdocs...')
#29 {main}
"} 
[2018-06-18 13:14:03] local.ERROR: SQLSTATE[HY000] [2054] The server requested authentication method unknown to the client {"exception":"[object] (Doctrine\\DBAL\\Driver\\PDOException(code: 2054): SQLSTATE[HY000] [2054] The server requested authentication method unknown to the client at C:\\xampp\\htdocs\\webtjoselitov3\\vendor\\doctrine\\dbal\\lib\\Doctrine\\DBAL\\Driver\\PDOConnection.php:50, PDOException(code: 2054): SQLSTATE[HY000] [2054] The server requested authentication method unknown to the client at C:\\xampp\\htdocs\\webtjoselitov3\\vendor\\doctrine\\dbal\\lib\\Doctrine\\DBAL\\Driver\\PDOConnection.php:46, PDOException(code: 0): PDO::__construct(): The server requested authentication method unknown to the client [caching_sha2_password] at C:\\xampp\\htdocs\\webtjoselitov3\\vendor\\doctrine\\dbal\\lib\\Doctrine\\DBAL\\Driver\\PDOConnection.php:46)
[stacktrace]
#0 C:\\xampp\\htdocs\\webtjoselitov3\\vendor\\laravel\\framework\\src\\Illuminate\\Database\\Connectors\\Connector.php(64): Doctrine\\DBAL\\Driver\\PDOConnection->__construct('mysql:host=127....', 'root', '', Array)
#1 C:\\xampp\\htdocs\\webtjoselitov3\\vendor\\laravel\\framework\\src\\Illuminate\\Database\\Connectors\\Connector.php(43): Illuminate\\Database\\Connectors\\Connector->createPdoConnection('mysql:host=127....', 'root', '', Array)
#2 C:\\xampp\\htdocs\\webtjoselitov3\\vendor\\laravel\\framework\\src\\Illuminate\\Database\\Connectors\\MySqlConnector.php(24): Illuminate\\Database\\Connectors\\Connector->createConnection('mysql:host=127....', Array, Array)
#3 C:\\xampp\\htdocs\\webtjoselitov3\\vendor\\laravel\\framework\\src\\Illuminate\\Database\\Connectors\\ConnectionFactory.php(183): Illuminate\\Database\\Connectors\\MySqlConnector->connect(Array)
#4 [internal function]: Illuminate\\Database\\Connectors\\ConnectionFactory->Illuminate\\Database\\Connectors\\{closure}()
#5 C:\\xampp\\htdocs\\webtjoselitov3\\vendor\\laravel\\framework\\src\\Illuminate\\Database\\Connection.php(915): call_user_func(Object(Closure))
#6 C:\\xampp\\htdocs\\webtjoselitov3\\vendor\\laravel\\framework\\src\\Illuminate\\Database\\Connection.php(898): Illuminate\\Database\\Connection->getPdo()
#7 C:\\xampp\\htdocs\\webtjoselitov3\\vendor\\larapack\\doctrine-support\\src\\DoctrineSupportServiceProvider.php(54): Illuminate\\Database\\Connection->getDoctrineConnection()
#8 C:\\xampp\\htdocs\\webtjoselitov3\\vendor\\larapack\\doctrine-support\\src\\DoctrineSupportServiceProvider.php(34): Larapack\\DoctrineSupport\\DoctrineSupportServiceProvider->addDoctrineTypes(Object(Larapack\\DoctrineSupport\\Connections\\MySqlConnection))
#9 C:\\xampp\\htdocs\\webtjoselitov3\\vendor\\laravel\\framework\\src\\Illuminate\\Database\\Connectors\\ConnectionFactory.php(272): Larapack\\DoctrineSupport\\DoctrineSupportServiceProvider->Larapack\\DoctrineSupport\\{closure}(Object(Larapack\\DoctrineSupport\\Connections\\MySqlConnection), 'acceso', '', Array)
#10 C:\\xampp\\htdocs\\webtjoselitov3\\vendor\\laravel\\framework\\src\\Illuminate\\Database\\Connectors\\ConnectionFactory.php(77): Illuminate\\Database\\Connectors\\ConnectionFactory->createConnection('mysql', Object(Closure), 'acceso', '', Array)
#11 C:\\xampp\\htdocs\\webtjoselitov3\\vendor\\laravel\\framework\\src\\Illuminate\\Database\\Connectors\\ConnectionFactory.php(51): Illuminate\\Database\\Connectors\\ConnectionFactory->createSingleConnection(Array)
#12 C:\\xampp\\htdocs\\webtjoselitov3\\vendor\\laravel\\framework\\src\\Illuminate\\Database\\DatabaseManager.php(119): Illuminate\\Database\\Connectors\\ConnectionFactory->make(Array, 'mysql')
#13 C:\\xampp\\htdocs\\webtjoselitov3\\vendor\\laravel\\framework\\src\\Illuminate\\Database\\DatabaseManager.php(74): Illuminate\\Database\\DatabaseManager->makeConnection('mysql')
#14 C:\\xampp\\htdocs\\webtjoselitov3\\vendor\\laravel\\framework\\src\\Illuminate\\Support\\Facades\\Schema.php(33): Illuminate\\Database\\DatabaseManager->connection()
#15 C:\\xampp\\htdocs\\webtjoselitov3\\vendor\\laravel\\framework\\src\\Illuminate\\Support\\Facades\\Facade.php(128): Illuminate\\Support\\Facades\\Schema::getFacadeAccessor()
#16 C:\\xampp\\htdocs\\webtjoselitov3\\vendor\\laravel\\framework\\src\\Illuminate\\Support\\Facades\\Facade.php(215): Illuminate\\Support\\Facades\\Facade::getFacadeRoot()
#17 C:\\xampp\\htdocs\\webtjoselitov3\\vendor\\tcg\\voyager\\src\\VoyagerServiceProvider.php(259): Illuminate\\Support\\Facades\\Facade::__callStatic('hasTable', Array)
#18 C:\\xampp\\htdocs\\webtjoselitov3\\vendor\\tcg\\voyager\\src\\VoyagerServiceProvider.php(106): TCG\\Voyager\\VoyagerServiceProvider->registerGates()
#19 [internal function]: TCG\\Voyager\\VoyagerServiceProvider->boot(Object(Illuminate\\Routing\\Router), Object(Illuminate\\Events\\Dispatcher))
#20 C:\\xampp\\htdocs\\webtjoselitov3\\vendor\\laravel\\framework\\src\\Illuminate\\Container\\BoundMethod.php(29): call_user_func_array(Array, Array)
#21 C:\\xampp\\htdocs\\webtjoselitov3\\vendor\\laravel\\framework\\src\\Illuminate\\Container\\BoundMethod.php(87): Illuminate\\Container\\BoundMethod::Illuminate\\Container\\{closure}()
#22 C:\\xampp\\htdocs\\webtjoselitov3\\vendor\\laravel\\framework\\src\\Illuminate\\Container\\BoundMethod.php(31): Illuminate\\Container\\BoundMethod::callBoundMethod(Object(Illuminate\\Foundation\\Application), Array, Object(Closure))
#23 C:\\xampp\\htdocs\\webtjoselitov3\\vendor\\laravel\\framework\\src\\Illuminate\\Container\\Container.php(549): Illuminate\\Container\\BoundMethod::call(Object(Illuminate\\Foundation\\Application), Array, Array, NULL)
#24 C:\\xampp\\htdocs\\webtjoselitov3\\vendor\\laravel\\framework\\src\\Illuminate\\Foundation\\Application.php(792): Illuminate\\Container\\Container->call(Array)
#25 C:\\xampp\\htdocs\\webtjoselitov3\\vendor\\laravel\\framework\\src\\Illuminate\\Foundation\\Application.php(775): Illuminate\\Foundation\\Application->bootProvider(Object(TCG\\Voyager\\VoyagerServiceProvider))
#26 [internal function]: Illuminate\\Foundation\\Application->Illuminate\\Foundation\\{closure}(Object(TCG\\Voyager\\VoyagerServiceProvider), 22)
#27 C:\\xampp\\htdocs\\webtjoselitov3\\vendor\\laravel\\framework\\src\\Illuminate\\Foundation\\Application.php(776): array_walk(Array, Object(Closure))
#28 C:\\xampp\\htdocs\\webtjoselitov3\\vendor\\laravel\\framework\\src\\Illuminate\\Foundation\\Bootstrap\\BootProviders.php(17): Illuminate\\Foundation\\Application->boot()
#29 C:\\xampp\\htdocs\\webtjoselitov3\\vendor\\laravel\\framework\\src\\Illuminate\\Foundation\\Application.php(213): Illuminate\\Foundation\\Bootstrap\\BootProviders->bootstrap(Object(Illuminate\\Foundation\\Application))
#30 C:\\xampp\\htdocs\\webtjoselitov3\\vendor\\laravel\\framework\\src\\Illuminate\\Foundation\\Console\\Kernel.php(296): Illuminate\\Foundation\\Application->bootstrapWith(Array)
#31 C:\\xampp\\htdocs\\webtjoselitov3\\vendor\\laravel\\framework\\src\\Illuminate\\Foundation\\Console\\Kernel.php(119): Illuminate\\Foundation\\Console\\Kernel->bootstrap()
#32 C:\\xampp\\htdocs\\webtjoselitov3\\artisan(37): Illuminate\\Foundation\\Console\\Kernel->handle(Object(Symfony\\Component\\Console\\Input\\ArgvInput), Object(Symfony\\Component\\Console\\Output\\ConsoleOutput))
#33 {main}
"} 
[2018-06-18 13:14:03] local.ERROR: No Database connection yet in VoyagerServiceProvider registerGates()  
[2018-06-18 13:14:03] local.ERROR: SQLSTATE[HY000] [2054] The server requested authentication method unknown to the client {"exception":"[object] (Doctrine\\DBAL\\Driver\\PDOException(code: 2054): SQLSTATE[HY000] [2054] The server requested authentication method unknown to the client at C:\\xampp\\htdocs\\webtjoselitov3\\vendor\\doctrine\\dbal\\lib\\Doctrine\\DBAL\\Driver\\PDOConnection.php:50, PDOException(code: 2054): SQLSTATE[HY000] [2054] The server requested authentication method unknown to the client at C:\\xampp\\htdocs\\webtjoselitov3\\vendor\\doctrine\\dbal\\lib\\Doctrine\\DBAL\\Driver\\PDOConnection.php:46, PDOException(code: 0): PDO::__construct(): The server requested authentication method unknown to the client [caching_sha2_password] at C:\\xampp\\htdocs\\webtjoselitov3\\vendor\\doctrine\\dbal\\lib\\Doctrine\\DBAL\\Driver\\PDOConnection.php:46)
[stacktrace]
#0 C:\\xampp\\htdocs\\webtjoselitov3\\vendor\\laravel\\framework\\src\\Illuminate\\Database\\Connectors\\Connector.php(64): Doctrine\\DBAL\\Driver\\PDOConnection->__construct('mysql:host=127....', 'root', '', Array)
#1 C:\\xampp\\htdocs\\webtjoselitov3\\vendor\\laravel\\framework\\src\\Illuminate\\Database\\Connectors\\Connector.php(43): Illuminate\\Database\\Connectors\\Connector->createPdoConnection('mysql:host=127....', 'root', '', Array)
#2 C:\\xampp\\htdocs\\webtjoselitov3\\vendor\\laravel\\framework\\src\\Illuminate\\Database\\Connectors\\MySqlConnector.php(24): Illuminate\\Database\\Connectors\\Connector->createConnection('mysql:host=127....', Array, Array)
#3 C:\\xampp\\htdocs\\webtjoselitov3\\vendor\\laravel\\framework\\src\\Illuminate\\Database\\Connectors\\ConnectionFactory.php(183): Illuminate\\Database\\Connectors\\MySqlConnector->connect(Array)
#4 [internal function]: Illuminate\\Database\\Connectors\\ConnectionFactory->Illuminate\\Database\\Connectors\\{closure}()
#5 C:\\xampp\\htdocs\\webtjoselitov3\\vendor\\laravel\\framework\\src\\Illuminate\\Database\\Connection.php(915): call_user_func(Object(Closure))
#6 C:\\xampp\\htdocs\\webtjoselitov3\\vendor\\laravel\\framework\\src\\Illuminate\\Database\\Connection.php(898): Illuminate\\Database\\Connection->getPdo()
#7 C:\\xampp\\htdocs\\webtjoselitov3\\vendor\\larapack\\doctrine-support\\src\\DoctrineSupportServiceProvider.php(54): Illuminate\\Database\\Connection->getDoctrineConnection()
#8 C:\\xampp\\htdocs\\webtjoselitov3\\vendor\\larapack\\doctrine-support\\src\\DoctrineSupportServiceProvider.php(34): Larapack\\DoctrineSupport\\DoctrineSupportServiceProvider->addDoctrineTypes(Object(Larapack\\DoctrineSupport\\Connections\\MySqlConnection))
#9 C:\\xampp\\htdocs\\webtjoselitov3\\vendor\\laravel\\framework\\src\\Illuminate\\Database\\Connectors\\ConnectionFactory.php(272): Larapack\\DoctrineSupport\\DoctrineSupportServiceProvider->Larapack\\DoctrineSupport\\{closure}(Object(Larapack\\DoctrineSupport\\Connections\\MySqlConnection), 'acceso', '', Array)
#10 C:\\xampp\\htdocs\\webtjoselitov3\\vendor\\laravel\\framework\\src\\Illuminate\\Database\\Connectors\\ConnectionFactory.php(77): Illuminate\\Database\\Connectors\\ConnectionFactory->createConnection('mysql', Object(Closure), 'acceso', '', Array)
#11 C:\\xampp\\htdocs\\webtjoselitov3\\vendor\\laravel\\framework\\src\\Illuminate\\Database\\Connectors\\ConnectionFactory.php(51): Illuminate\\Database\\Connectors\\ConnectionFactory->createSingleConnection(Array)
#12 C:\\xampp\\htdocs\\webtjoselitov3\\vendor\\laravel\\framework\\src\\Illuminate\\Database\\DatabaseManager.php(119): Illuminate\\Database\\Connectors\\ConnectionFactory->make(Array, 'mysql')
#13 C:\\xampp\\htdocs\\webtjoselitov3\\vendor\\laravel\\framework\\src\\Illuminate\\Database\\DatabaseManager.php(74): Illuminate\\Database\\DatabaseManager->makeConnection('mysql')
#14 C:\\xampp\\htdocs\\webtjoselitov3\\vendor\\laravel\\framework\\src\\Illuminate\\Support\\Facades\\Schema.php(33): Illuminate\\Database\\DatabaseManager->connection()
#15 C:\\xampp\\htdocs\\webtjoselitov3\\vendor\\laravel\\framework\\src\\Illuminate\\Support\\Facades\\Facade.php(128): Illuminate\\Support\\Facades\\Schema::getFacadeAccessor()
#16 C:\\xampp\\htdocs\\webtjoselitov3\\vendor\\laravel\\framework\\src\\Illuminate\\Support\\Facades\\Facade.php(215): Illuminate\\Support\\Facades\\Facade::getFacadeRoot()
#17 C:\\xampp\\htdocs\\webtjoselitov3\\app\\Providers\\AppServiceProvider.php(17): Illuminate\\Support\\Facades\\Facade::__callStatic('defaultStringLe...', Array)
#18 [internal function]: App\\Providers\\AppServiceProvider->boot()
#19 C:\\xampp\\htdocs\\webtjoselitov3\\vendor\\laravel\\framework\\src\\Illuminate\\Container\\BoundMethod.php(29): call_user_func_array(Array, Array)
#20 C:\\xampp\\htdocs\\webtjoselitov3\\vendor\\laravel\\framework\\src\\Illuminate\\Container\\BoundMethod.php(87): Illuminate\\Container\\BoundMethod::Illuminate\\Container\\{closure}()
#21 C:\\xampp\\htdocs\\webtjoselitov3\\vendor\\laravel\\framework\\src\\Illuminate\\Container\\BoundMethod.php(31): Illuminate\\Container\\BoundMethod::callBoundMethod(Object(Illuminate\\Foundation\\Application), Array, Object(Closure))
#22 C:\\xampp\\htdocs\\webtjoselitov3\\vendor\\laravel\\framework\\src\\Illuminate\\Container\\Container.php(549): Illuminate\\Container\\BoundMethod::call(Object(Illuminate\\Foundation\\Application), Array, Array, NULL)
#23 C:\\xampp\\htdocs\\webtjoselitov3\\vendor\\laravel\\framework\\src\\Illuminate\\Foundation\\Application.php(792): Illuminate\\Container\\Container->call(Array)
#24 C:\\xampp\\htdocs\\webtjoselitov3\\vendor\\laravel\\framework\\src\\Illuminate\\Foundation\\Application.php(775): Illuminate\\Foundation\\Application->bootProvider(Object(App\\Providers\\AppServiceProvider))
#25 [internal function]: Illuminate\\Foundation\\Application->Illuminate\\Foundation\\{closure}(Object(App\\Providers\\AppServiceProvider), 23)
#26 C:\\xampp\\htdocs\\webtjoselitov3\\vendor\\laravel\\framework\\src\\Illuminate\\Foundation\\Application.php(776): array_walk(Array, Object(Closure))
#27 C:\\xampp\\htdocs\\webtjoselitov3\\vendor\\laravel\\framework\\src\\Illuminate\\Foundation\\Bootstrap\\BootProviders.php(17): Illuminate\\Foundation\\Application->boot()
#28 C:\\xampp\\htdocs\\webtjoselitov3\\vendor\\laravel\\framework\\src\\Illuminate\\Foundation\\Application.php(213): Illuminate\\Foundation\\Bootstrap\\BootProviders->bootstrap(Object(Illuminate\\Foundation\\Application))
#29 C:\\xampp\\htdocs\\webtjoselitov3\\vendor\\laravel\\framework\\src\\Illuminate\\Foundation\\Console\\Kernel.php(296): Illuminate\\Foundation\\Application->bootstrapWith(Array)
#30 C:\\xampp\\htdocs\\webtjoselitov3\\vendor\\laravel\\framework\\src\\Illuminate\\Foundation\\Console\\Kernel.php(119): Illuminate\\Foundation\\Console\\Kernel->bootstrap()
#31 C:\\xampp\\htdocs\\webtjoselitov3\\artisan(37): Illuminate\\Foundation\\Console\\Kernel->handle(Object(Symfony\\Component\\Console\\Input\\ArgvInput), Object(Symfony\\Component\\Console\\Output\\ConsoleOutput))
#32 {main}
"} 
[2018-06-18 13:14:03] local.ERROR: SQLSTATE[HY000] [2054] The server requested authentication method unknown to the client {"exception":"[object] (Doctrine\\DBAL\\Driver\\PDOException(code: 2054): SQLSTATE[HY000] [2054] The server requested authentication method unknown to the client at C:\\xampp\\htdocs\\webtjoselitov3\\vendor\\doctrine\\dbal\\lib\\Doctrine\\DBAL\\Driver\\PDOConnection.php:50, PDOException(code: 2054): SQLSTATE[HY000] [2054] The server requested authentication method unknown to the client at C:\\xampp\\htdocs\\webtjoselitov3\\vendor\\doctrine\\dbal\\lib\\Doctrine\\DBAL\\Driver\\PDOConnection.php:46, PDOException(code: 0): PDO::__construct(): The server requested authentication method unknown to the client [caching_sha2_password] at C:\\xampp\\htdocs\\webtjoselitov3\\vendor\\doctrine\\dbal\\lib\\Doctrine\\DBAL\\Driver\\PDOConnection.php:46)
[stacktrace]
#0 C:\\xampp\\htdocs\\webtjoselitov3\\vendor\\laravel\\framework\\src\\Illuminate\\Database\\Connectors\\Connector.php(64): Doctrine\\DBAL\\Driver\\PDOConnection->__construct('mysql:host=127....', 'root', '', Array)
#1 C:\\xampp\\htdocs\\webtjoselitov3\\vendor\\laravel\\framework\\src\\Illuminate\\Database\\Connectors\\Connector.php(43): Illuminate\\Database\\Connectors\\Connector->createPdoConnection('mysql:host=127....', 'root', '', Array)
#2 C:\\xampp\\htdocs\\webtjoselitov3\\vendor\\laravel\\framework\\src\\Illuminate\\Database\\Connectors\\MySqlConnector.php(24): Illuminate\\Database\\Connectors\\Connector->createConnection('mysql:host=127....', Array, Array)
#3 C:\\xampp\\htdocs\\webtjoselitov3\\vendor\\laravel\\framework\\src\\Illuminate\\Database\\Connectors\\ConnectionFactory.php(183): Illuminate\\Database\\Connectors\\MySqlConnector->connect(Array)
#4 [internal function]: Illuminate\\Database\\Connectors\\ConnectionFactory->Illuminate\\Database\\Connectors\\{closure}()
#5 C:\\xampp\\htdocs\\webtjoselitov3\\vendor\\laravel\\framework\\src\\Illuminate\\Database\\Connection.php(915): call_user_func(Object(Closure))
#6 C:\\xampp\\htdocs\\webtjoselitov3\\vendor\\laravel\\framework\\src\\Illuminate\\Database\\Connection.php(898): Illuminate\\Database\\Connection->getPdo()
#7 C:\\xampp\\htdocs\\webtjoselitov3\\vendor\\larapack\\doctrine-support\\src\\DoctrineSupportServiceProvider.php(54): Illuminate\\Database\\Connection->getDoctrineConnection()
#8 C:\\xampp\\htdocs\\webtjoselitov3\\vendor\\larapack\\doctrine-support\\src\\DoctrineSupportServiceProvider.php(34): Larapack\\DoctrineSupport\\DoctrineSupportServiceProvider->addDoctrineTypes(Object(Larapack\\DoctrineSupport\\Connections\\MySqlConnection))
#9 C:\\xampp\\htdocs\\webtjoselitov3\\vendor\\laravel\\framework\\src\\Illuminate\\Database\\Connectors\\ConnectionFactory.php(272): Larapack\\DoctrineSupport\\DoctrineSupportServiceProvider->Larapack\\DoctrineSupport\\{closure}(Object(Larapack\\DoctrineSupport\\Connections\\MySqlConnection), 'acceso', '', Array)
#10 C:\\xampp\\htdocs\\webtjoselitov3\\vendor\\laravel\\framework\\src\\Illuminate\\Database\\Connectors\\ConnectionFactory.php(77): Illuminate\\Database\\Connectors\\ConnectionFactory->createConnection('mysql', Object(Closure), 'acceso', '', Array)
#11 C:\\xampp\\htdocs\\webtjoselitov3\\vendor\\laravel\\framework\\src\\Illuminate\\Database\\Connectors\\ConnectionFactory.php(51): Illuminate\\Database\\Connectors\\ConnectionFactory->createSingleConnection(Array)
#12 C:\\xampp\\htdocs\\webtjoselitov3\\vendor\\laravel\\framework\\src\\Illuminate\\Database\\DatabaseManager.php(119): Illuminate\\Database\\Connectors\\ConnectionFactory->make(Array, 'mysql')
#13 C:\\xampp\\htdocs\\webtjoselitov3\\vendor\\laravel\\framework\\src\\Illuminate\\Database\\DatabaseManager.php(74): Illuminate\\Database\\DatabaseManager->makeConnection('mysql')
#14 C:\\xampp\\htdocs\\webtjoselitov3\\vendor\\laravel\\framework\\src\\Illuminate\\Support\\Facades\\Schema.php(33): Illuminate\\Database\\DatabaseManager->connection()
#15 C:\\xampp\\htdocs\\webtjoselitov3\\vendor\\laravel\\framework\\src\\Illuminate\\Support\\Facades\\Facade.php(128): Illuminate\\Support\\Facades\\Schema::getFacadeAccessor()
#16 C:\\xampp\\htdocs\\webtjoselitov3\\vendor\\laravel\\framework\\src\\Illuminate\\Support\\Facades\\Facade.php(215): Illuminate\\Support\\Facades\\Facade::getFacadeRoot()
#17 C:\\xampp\\htdocs\\webtjoselitov3\\app\\Providers\\AppServiceProvider.php(17): Illuminate\\Support\\Facades\\Facade::__callStatic('defaultStringLe...', Array)
#18 [internal function]: App\\Providers\\AppServiceProvider->boot()
#19 C:\\xampp\\htdocs\\webtjoselitov3\\vendor\\laravel\\framework\\src\\Illuminate\\Container\\BoundMethod.php(29): call_user_func_array(Array, Array)
#20 C:\\xampp\\htdocs\\webtjoselitov3\\vendor\\laravel\\framework\\src\\Illuminate\\Container\\BoundMethod.php(87): Illuminate\\Container\\BoundMethod::Illuminate\\Container\\{closure}()
#21 C:\\xampp\\htdocs\\webtjoselitov3\\vendor\\laravel\\framework\\src\\Illuminate\\Container\\BoundMethod.php(31): Illuminate\\Container\\BoundMethod::callBoundMethod(Object(Illuminate\\Foundation\\Application), Array, Object(Closure))
#22 C:\\xampp\\htdocs\\webtjoselitov3\\vendor\\laravel\\framework\\src\\Illuminate\\Container\\Container.php(549): Illuminate\\Container\\BoundMethod::call(Object(Illuminate\\Foundation\\Application), Array, Array, NULL)
#23 C:\\xampp\\htdocs\\webtjoselitov3\\vendor\\laravel\\framework\\src\\Illuminate\\Foundation\\Application.php(792): Illuminate\\Container\\Container->call(Array)
#24 C:\\xampp\\htdocs\\webtjoselitov3\\vendor\\laravel\\framework\\src\\Illuminate\\Foundation\\Application.php(775): Illuminate\\Foundation\\Application->bootProvider(Object(App\\Providers\\AppServiceProvider))
#25 [internal function]: Illuminate\\Foundation\\Application->Illuminate\\Foundation\\{closure}(Object(App\\Providers\\AppServiceProvider), 23)
#26 C:\\xampp\\htdocs\\webtjoselitov3\\vendor\\laravel\\framework\\src\\Illuminate\\Foundation\\Application.php(776): array_walk(Array, Object(Closure))
#27 C:\\xampp\\htdocs\\webtjoselitov3\\vendor\\laravel\\framework\\src\\Illuminate\\Foundation\\Bootstrap\\BootProviders.php(17): Illuminate\\Foundation\\Application->boot()
#28 C:\\xampp\\htdocs\\webtjoselitov3\\vendor\\laravel\\framework\\src\\Illuminate\\Foundation\\Application.php(213): Illuminate\\Foundation\\Bootstrap\\BootProviders->bootstrap(Object(Illuminate\\Foundation\\Application))
#29 C:\\xampp\\htdocs\\webtjoselitov3\\vendor\\laravel\\framework\\src\\Illuminate\\Foundation\\Console\\Kernel.php(296): Illuminate\\Foundation\\Application->bootstrapWith(Array)
#30 C:\\xampp\\htdocs\\webtjoselitov3\\vendor\\laravel\\framework\\src\\Illuminate\\Foundation\\Console\\Kernel.php(119): Illuminate\\Foundation\\Console\\Kernel->bootstrap()
#31 C:\\xampp\\htdocs\\webtjoselitov3\\artisan(37): Illuminate\\Foundation\\Console\\Kernel->handle(Object(Symfony\\Component\\Console\\Input\\ArgvInput), Object(Symfony\\Component\\Console\\Output\\ConsoleOutput))
#32 {main}
"} 
